<?xml version="1.0" encoding="UTF-8"?>
<!-- Generated by org.testng.reporters.JUnitXMLReporter -->
<testsuite hostname="pkshipin" name="Test" tests="2" failures="1" timestamp="13 Jul 2019 05:58:25 GMT" time="104.287" errors="0">
  <testcase name="verify_login" time="56.2" classname="com.testcases.Login_test"/>
  <testcase name="verify_Employee_creation" time="47.993" classname="com.testcases.EM_test">
    <failure type="org.openqa.selenium.NoSuchElementException" message="Cannot locate an element using xpath=//div[@id=&amp;apos;ctl00_ContentPlaceHolder1_tp1_CalendarExtender1_title&amp;apos;]
For documentation on this error, please visit: https://www.seleniumhq.org/exceptions/no_such_element.html
Build info: version: &amp;apos;3.141.59&amp;apos;, revision: &amp;apos;e82be7d358&amp;apos;, time: &amp;apos;2018-11-14T08:25:53&amp;apos;
System info: host: &amp;apos;PKSHIPIN&amp;apos;, ip: &amp;apos;192.168.0.105&amp;apos;, os.name: &amp;apos;Windows 10&amp;apos;, os.arch: &amp;apos;amd64&amp;apos;, os.version: &amp;apos;10.0&amp;apos;, java.version: &amp;apos;1.8.0_181&amp;apos;
Driver info: driver.version: RemoteWebDriver">
      <![CDATA[org.openqa.selenium.NoSuchElementException: Cannot locate an element using xpath=//div[@id='ctl00_ContentPlaceHolder1_tp1_CalendarExtender1_title']
For documentation on this error, please visit: https://www.seleniumhq.org/exceptions/no_such_element.html
Build info: version: '3.141.59', revision: 'e82be7d358', time: '2018-11-14T08:25:53'
System info: host: 'PKSHIPIN', ip: '192.168.0.105', os.name: 'Windows 10', os.arch: 'amd64', os.version: '10.0', java.version: '1.8.0_181'
Driver info: driver.version: RemoteWebDriver
	at org.openqa.selenium.remote.RemoteWebDriver.findElement(RemoteWebDriver.java:327)
	at org.openqa.selenium.remote.RemoteWebDriver.findElementByXPath(RemoteWebDriver.java:428)
	at org.openqa.selenium.By$ByXPath.findElement(By.java:353)
	at org.openqa.selenium.remote.RemoteWebDriver.findElement(RemoteWebDriver.java:315)
	at com.commonlibrary.Keywords.calendar_click(Keywords.java:44)
	at com.projectlibrary.EmployeeMaster.Employee_creation(EmployeeMaster.java:35)
	at com.testcases.EM_test.verify_Employee_creation(EM_test.java:18)
... Removed 24 stack frames]]>
    </failure>
  </testcase> <!-- verify_Employee_creation -->
</testsuite> <!-- Test -->
